--ascii is deprecated. Use LANG/LC_* variables to control encoding, and TERM/--color to control colors.
[----] Criterion v2.4.1-13-g2f48d0f-dirty (bleeding)
[====] Running 10 tests from client_registry_suite:
[RUN ] client_registry_suite::all_players_empty
[PASS] client_registry_suite::all_players_empty: (0.00s)
[RUN ] client_registry_suite::all_players_nonempty
[PASS] client_registry_suite::all_players_nonempty: (0.00s)
[RUN ] client_registry_suite::basic_one_registry
[FAIL] client_registry_suite::basic_one_registry: Timed out. (5.00s)
[RUN ] client_registry_suite::basic_one_registry_premature
[FAIL] client_registry_suite::basic_one_registry_premature: Timed out. (5.00s)
[RUN ] client_registry_suite::basic_two_registries
[FAIL] client_registry_suite::basic_two_registries: Timed out. (5.00s)
[RUN ] client_registry_suite::lookup_null
[PASS] client_registry_suite::lookup_null: (0.00s)
[RUN ] client_registry_suite::many_threads_one_registry
[FAIL] client_registry_suite::many_threads_one_registry: Timed out. (15.00s)
[RUN ] client_registry_suite::many_threads_one_registry_premature
[FAIL] client_registry_suite::many_threads_one_registry_premature: Timed out. (15.00s)
[RUN ] client_registry_suite::register_login_lookup_not_null
[PASS] client_registry_suite::register_login_lookup_not_null: (0.00s)
[RUN ] client_registry_suite::register_login_lookup_null
[PASS] client_registry_suite::register_login_lookup_null: (0.00s)
[====] Running 15 tests from client_suite:
[RUN ] client_suite::invite
[----] tests/client_test.c:120: Assertion Failed
[----]   
[----]   Role in packet (0) does not match expected (2)
[----]   
[FAIL] client_suite::invite: (0.00s)
[RUN ] client_suite::invite_accept
[----] tests/client_test.c:120: Assertion Failed
[----]   
[----]   Role in packet (0) does not match expected (2)
[----]   
[FAIL] client_suite::invite_accept: (0.00s)
[RUN ] client_suite::invite_accept_move
[----] tests/client_test.c:120: Assertion Failed
[----]   
[----]   Role in packet (0) does not match expected (1)
[----]   
[FAIL] client_suite::invite_accept_move: (0.00s)
[RUN ] client_suite::invite_accept_resign_source
[----] tests/client_test.c:120: Assertion Failed
[----]   
[----]   Role in packet (0) does not match expected (2)
[----]   
[FAIL] client_suite::invite_accept_resign_source: (0.00s)
[RUN ] client_suite::invite_accept_resign_target
[----] tests/client_test.c:120: Assertion Failed
[----]   
[----]   Role in packet (0) does not match expected (2)
[----]   
[FAIL] client_suite::invite_accept_resign_target: (0.00s)
[RUN ] client_suite::invite_decline
[----] tests/client_test.c:120: Assertion Failed
[----]   
[----]   Role in packet (0) does not match expected (2)
[----]   
[FAIL] client_suite::invite_decline: (0.00s)
[RUN ] client_suite::invite_decline_wrong
[----] tests/client_test.c:120: Assertion Failed
[----]   
[----]   Role in packet (0) does not match expected (2)
[----]   
[FAIL] client_suite::invite_decline_wrong: (0.00s)
[RUN ] client_suite::invite_resign_wrong
[----] tests/client_test.c:120: Assertion Failed
[----]   
[----]   Role in packet (0) does not match expected (2)
[----]   
[FAIL] client_suite::invite_resign_wrong: (0.00s)
[RUN ] client_suite::invite_revoke
[----] tests/client_test.c:120: Assertion Failed
[----]   
[----]   Role in packet (0) does not match expected (2)
[----]   
[FAIL] client_suite::invite_revoke: (0.00s)
[RUN ] client_suite::invite_revoke_wrong
[----] tests/client_test.c:120: Assertion Failed
[----]   
[----]   Role in packet (0) does not match expected (2)
[----]   
[FAIL] client_suite::invite_revoke_wrong: (0.00s)
[RUN ] client_suite::login_logout
[PASS] client_suite::login_logout: (0.00s)
[RUN ] client_suite::random_invite_revoke
[----] tests/client_test.c:565: Assertion Failed
[----]   
[----]   Error revoking invitation
[----]   
[FAIL] client_suite::random_invite_revoke: (0.00s)
[ERR ] Could not write the "assert" message down the event pipe: Bad file descriptor.
[----] Warning! The test `client_suite::random_invite_revoke` crashed during its setup or teardown.
[RUN ] client_suite::send_ack
[----] tests/client_test.c:193: Assertion Failed
[----]   
[----]   Payload size readback was incorrect
[----]   
[FAIL] client_suite::send_ack: (0.00s)
[RUN ] client_suite::send_nack
[PASS] client_suite::send_nack: (0.00s)
[RUN ] client_suite::send_packet
[----] tests/client_test.c:170: Assertion Failed
[----]   
[----]   Packet header readback was incorrect
[----]   
[FAIL] client_suite::send_packet: (0.00s)
[====] Running 9 tests from game_suite:
[RUN ] game_suite::create
[PASS] game_suite::create: (0.00s)
[RUN ] game_suite::drawing_sequence
[PASS] game_suite::drawing_sequence: (0.00s)
[RUN ] game_suite::illegal_move
[PASS] game_suite::illegal_move: (0.00s)
[RUN ] game_suite::legal_moves
[PASS] game_suite::legal_moves: (0.00s)
[RUN ] game_suite::parse_move_wrong_player
[----] tests/game_test.c:137: Assertion Failed
[----]   
[----]   Returned move was not NULL
[----]   
[FAIL] game_suite::parse_move_wrong_player: (0.00s)
[RUN ] game_suite::parse_unparse_move
[----] tests/game_test.c:162: Assertion Failed
[----]   
[----]   Returned move was NULL
[----]   
[FAIL] game_suite::parse_unparse_move: (0.00s)
[RUN ] game_suite::random_moves
[FAIL] game_suite::random_moves: Timed out. (15.01s)
[RUN ] game_suite::resign
[PASS] game_suite::resign: (0.00s)
[RUN ] game_suite::winning_sequence
[PASS] game_suite::winning_sequence: (0.00s)
[====] Running 8 tests from invitation_suite:
[RUN ] invitation_suite::concurrent_resign
[PASS] invitation_suite::concurrent_resign: (1.89s)
[RUN ] invitation_suite::create_accept
[PASS] invitation_suite::create_accept: (0.00s)
[RUN ] invitation_suite::create_accept_close
[PASS] invitation_suite::create_accept_close: (0.00s)
[RUN ] invitation_suite::create_accept_resign
[PASS] invitation_suite::create_accept_resign: (0.00s)
[RUN ] invitation_suite::create_close
[PASS] invitation_suite::create_close: (0.00s)
[RUN ] invitation_suite::create_close_close
[PASS] invitation_suite::create_close_close: (0.00s)
[RUN ] invitation_suite::create_different_clients
[PASS] invitation_suite::create_different_clients: (0.00s)
[RUN ] invitation_suite::create_same_client
[PASS] invitation_suite::create_same_client: (0.00s)
[====] Running 4 tests from player_registry_suite:
[RUN ] player_registry_suite::many_threads_one_registry
[PASS] player_registry_suite::many_threads_one_registry: (0.20s)
[RUN ] player_registry_suite::one_registry_one_player
[PASS] player_registry_suite::one_registry_one_player: (0.00s)
[RUN ] player_registry_suite::one_registry_three_players
[PASS] player_registry_suite::one_registry_three_players: (0.00s)
[RUN ] player_registry_suite::two_registries_two_players
[PASS] player_registry_suite::two_registries_two_players: (0.00s)
[====] Running 5 tests from player_suite:
[RUN ] player_suite::concurrent_post
[FAIL] player_suite::concurrent_post: Timed out. (15.00s)
[RUN ] player_suite::create
[PASS] player_suite::create: (0.00s)
[RUN ] player_suite::post_result_draw
[PASS] player_suite::post_result_draw: (0.00s)
[RUN ] player_suite::post_result_first
[PASS] player_suite::post_result_first: (0.00s)
[RUN ] player_suite::post_result_series
[----] tests/player_test.c:104: Assertion Failed
[----]   
[----]   Player rating (1514) does not match expected (1515)
[----]   
[FAIL] player_suite::post_result_series: (0.00s)
[====] Running 9 tests from protocol_suite:
[RUN ] protocol_suite::recv_empty
[PASS] protocol_suite::recv_empty: (0.00s)
[RUN ] protocol_suite::recv_error
[PASS] protocol_suite::recv_error: (0.00s)
[RUN ] protocol_suite::recv_no_payload
[----] tests/protocol_test.c:111: Assertion Failed
[----]   
[----]   Received message timestamp_sec 0x44332211 did not match expected 0x11223344
[----]   
[FAIL] protocol_suite::recv_no_payload: (0.00s)
[RUN ] protocol_suite::recv_short_header
[PASS] protocol_suite::recv_short_header: (0.00s)
[RUN ] protocol_suite::recv_short_payload
[PASS] protocol_suite::recv_short_payload: (0.00s)
[RUN ] protocol_suite::recv_with_payload
[----] tests/protocol_test.c:148: Assertion Failed
[----]   
[----]   Received payload size was 6144 not 24
[----]   
[FAIL] protocol_suite::recv_with_payload: (0.00s)
[RUN ] protocol_suite::send_error
[PASS] protocol_suite::send_error: (0.00s)
[RUN ] protocol_suite::send_no_payload
pkt_ack_no_payload tests/rsrc/pkt_ack_no_payload differ: byte 9, line 1
[----] tests/protocol_test.c:34: Assertion Failed
[----]   
[----]   Packet sent did not match expected
[----]   
[FAIL] protocol_suite::send_no_payload: (0.01s)
[RUN ] protocol_suite::send_with_payload
pkt_ack_with_payload tests/rsrc/pkt_ack_with_payload differ: byte 5, line 1
[----] tests/protocol_test.c:58: Assertion Failed
[----]   
[----]   Packet sent did not match expected
[----]   
[FAIL] protocol_suite::send_with_payload: (0.01s)
[====] Running 11 tests from server_suite:
[RUN ] server_suite::invite_accept_first
[----] tests/server_test.c:83: Assertion Failed
[----]   
[----]   Role in packet (0) does not match expected (1)
[----]   
[FAIL] server_suite::invite_accept_first: (0.00s)
[RUN ] server_suite::invite_accept_move
[----] tests/server_test.c:83: Assertion Failed
[----]   
[----]   Role in packet (0) does not match expected (2)
[----]   
[FAIL] server_suite::invite_accept_move: (0.00s)
[RUN ] server_suite::invite_accept_resign
[----] tests/server_test.c:83: Assertion Failed
[----]   
[----]   Role in packet (0) does not match expected (2)
[----]   
[FAIL] server_suite::invite_accept_resign: (0.00s)
[RUN ] server_suite::invite_accept_second
[----] tests/server_test.c:83: Assertion Failed
[----]   
[----]   Role in packet (0) does not match expected (2)
[----]   
[FAIL] server_suite::invite_accept_second: (0.00s)
[RUN ] server_suite::invite_decline
[----] tests/server_test.c:83: Assertion Failed
[----]   
[----]   Role in packet (0) does not match expected (2)
[----]   
[FAIL] server_suite::invite_decline: (0.00s)
[RUN ] server_suite::invite_disconnect
[----] tests/server_test.c:83: Assertion Failed
[----]   
[----]   Role in packet (0) does not match expected (2)
[----]   
[FAIL] server_suite::invite_disconnect: (0.00s)
[RUN ] server_suite::invite_revoke
[----] tests/server_test.c:83: Assertion Failed
[----]   
[----]   Role in packet (0) does not match expected (2)
[----]   
[FAIL] server_suite::invite_revoke: (0.00s)
[RUN ] server_suite::login_many_users
[PASS] server_suite::login_many_users: (0.01s)
[RUN ] server_suite::login_users
[PASS] server_suite::login_users: (0.00s)
[RUN ] server_suite::ping
[PASS] server_suite::ping: (0.00s)
[RUN ] server_suite::valid_login
[PASS] server_suite::valid_login: (0.00s)
[====] Running 2 tests from student_suite:
[RUN ] student_suite::00_start_server
server_suite/00_start_server
Starting server...pid = 1188535
Sending SIGHUP to server pid 1188535
Server wait() returned = 0x0
[PASS] student_suite::00_start_server: (15.02s)
[RUN ] student_suite::01_connect
[FAIL] student_suite::01_connect: Timed out. (5.00s)
[----] Writing xml report in `crit.xml`.
[====] Synthesis: Tested: 73 | Passing: 38 | Failing: 35 | Crashing: 0 
