--ascii is deprecated. Use LANG/LC_* variables to control encoding, and TERM/--color to control colors.
[----] Criterion v2.4.1-13-g2f48d0f-dirty (bleeding)
[====] Running 3 tests from basecode_suite:
[RUN ] basecode_suite::startup_EOF_test
[PASS] basecode_suite::startup_EOF_test: (0.01s)
[RUN ] basecode_suite::startup_quit_test
ticker> [PASS] basecode_suite::startup_quit_test: (0.01s)
[RUN ] basecode_suite::startup_watchers_test
[PASS] basecode_suite::startup_watchers_test: (0.01s)
[====] Running 14 tests from basic:
[RUN ] basic::show_no_arg
Running test basic/show_no_arg on target bin/ticker
                   [expect PROMPT]
1682266215.858678: Driver <~~ [PROMPT  ] 'ticker> '
Event type matched expected type PROMPT (1730 usec, limit 100000)
>>> show
                   [expect ERROR]
1682266215.859280: Driver <~~ [ERROR   ] '???
'
Event type matched expected type ERROR (548 usec, limit 1000)
                   [expect PROMPT]
1682266215.859317: Driver <~~ [PROMPT  ] 'ticker> '
Event type matched expected type PROMPT (12 usec, limit 1000)
                   [expect EOF]
End of test basic/show_no_arg
[PASS] basic::show_no_arg: (0.00s)
1682266215.861102: Driver: timeout (0, 1000)
[RUN ] basic::show_nonexistent
Running test basic/show_nonexistent on target bin/ticker
                   [expect PROMPT]
1682266215.893906: Driver <~~ [PROMPT  ] 'ticker> '
Event type matched expected type PROMPT (1963 usec, limit 100000)
>>> show xyzzy
                   [expect ERROR]
1682266215.894686: Driver <~~ [ERROR   ] '???
'
Event type matched expected type ERROR (714 usec, limit 1000)
                   [expect PROMPT]
1682266215.894730: Driver <~~ [PROMPT  ] 'ticker> '
Event type matched expected type PROMPT (14 usec, limit 1000)
                   [expect EOF]
End of test basic/show_nonexistent
[PASS] basic::show_nonexistent: (0.00s)
1682266215.896445: Driver: timeout (0, 1000)
[RUN ] basic::start_empty_eof
Running test basic/start_empty_eof on target bin/ticker
                   [expect PROMPT]
1682266215.931028: Driver <~~ [PROMPT  ] 'ticker> '
Event type matched expected type PROMPT (1176 usec, limit 100000)
>>> 
                   [expect ERROR]
1682266215.931461: Driver <~~ [ERROR   ] '???
'
Event type matched expected type ERROR (384 usec, limit 1000)
                   [expect PROMPT]
1682266215.931488: Driver <~~ [PROMPT  ] 'ticker> '
Event type matched expected type PROMPT (11 usec, limit 1000)
                   [expect EOF]
End of test basic/start_empty_eof
[PASS] basic::start_empty_eof: (0.00s)
1682266215.932859: Driver: timeout (0, 1000)
[RUN ] basic::start_eof
Running test basic/start_eof on target bin/ticker
                   [expect PROMPT]
1682266215.966533: Driver <~~ [PROMPT  ] 'ticker> '
Event type matched expected type PROMPT (1495 usec, limit 100000)
                   [expect EOF]
End of test basic/start_eof
[PASS] basic::start_eof: (0.00s)
1682266215.968136: Driver: timeout (0, 1000)
[RUN ] basic::start_no_arg
Running test basic/start_no_arg on target bin/ticker
                   [expect PROMPT]
1682266216.002168: Driver <~~ [PROMPT  ] 'ticker> '
Event type matched expected type PROMPT (1217 usec, limit 100000)
>>> start
                   [expect ERROR]
1682266216.002537: Driver <~~ [ERROR   ] '???
'
Event type matched expected type ERROR (321 usec, limit 1000)
                   [expect PROMPT]
1682266216.002644: Driver <~~ [PROMPT  ] 'ticker> '
Event type matched expected type PROMPT (96 usec, limit 1000)
                   [expect EOF]
End of test basic/start_no_arg
[PASS] basic::start_no_arg: (0.00s)
1682266216.003946: Driver: timeout (0, 1000)
[RUN ] basic::start_quit_eof
Running test basic/start_quit_eof on target bin/ticker
                   [expect PROMPT]
1682266216.035092: Driver <~~ [PROMPT  ] 'ticker> '
Event type matched expected type PROMPT (958 usec, limit 100000)
>>> quit
                   [expect EOF]
1682266216.035663: Driver <~~ [PROMPT  ] 'ticker> '
Response read when expecting EOF: 'ticker> ' -- skipping
End of test basic/start_quit_eof
[PASS] basic::start_quit_eof: (0.00s)
1682266216.036725: Driver: timeout (0, 1000)
[RUN ] basic::start_trace_untrace
Running test basic/start_trace_untrace on target bin/ticker
                   [expect PROMPT]
1682266216.068258: Driver <~~ [PROMPT  ] 'ticker> '
Event type matched expected type PROMPT (1074 usec, limit 100000)
>>> trace 0
                   [expect PROMPT]
1682266216.068838: Driver <~~ [PROMPT  ] 'ticker> '
Event type matched expected type PROMPT (507 usec, limit 1000)
>>> untrace 0
                   [expect TRACE]
1682266216.068971: Driver <~~ [TRACE   ] '[1682266216.068912][CLI       ][ 0][    2]: untrace 0
'
TRACE EVENT:	[1682266216.068912][CLI       ][ 0][    2]: untrace 0

Event type matched expected type TRACE (104 usec, limit 1000)
                   [expect PROMPT]
1682266216.069030: Driver <~~ [OTHER   ] '
'
Ignoring OTHER_EVENT with blank line
1682266216.069247: Driver <~~ [PROMPT  ] 'ticker> '
Event type matched expected type PROMPT (210 usec, limit 1000)
                   [expect EOF]
End of test basic/start_trace_untrace
[PASS] basic::start_trace_untrace: (0.00s)
1682266216.070637: Driver: timeout (0, 1000)
[RUN ] basic::start_watchers
Running test basic/start_watchers on target bin/ticker
                   [expect PROMPT]
1682266216.106325: Driver <~~ [PROMPT  ] 'ticker> '
Event type matched expected type PROMPT (1169 usec, limit 100000)
>>> watchers
                   [expect WATCHER]
1682266216.106804: Driver <~~ [PROMPT  ] 'ticker> '
Event type (PROMPT) did not match expected type WATCHER
Aborting test basic/start_watchers
[----] tests/__helper.c:13: Assertion Failed
[----]   
[----]   The test driver returned an error (-1)
[----]   
[FAIL] basic::start_watchers: (0.00s)
[RUN ] basic::stop_CLI
Running test basic/stop_CLI on target bin/ticker
                   [expect PROMPT]
1682266216.144871: Driver <~~ [PROMPT  ] 'ticker> '
Event type matched expected type PROMPT (1520 usec, limit 100000)
>>> stop 0
                   [expect ERROR]
1682266216.145293: Driver <~~ [ERROR   ] '???
'
Event type matched expected type ERROR (376 usec, limit 1000)
                   [expect PROMPT]
1682266216.145349: Driver <~~ [PROMPT  ] 'ticker> '
Event type matched expected type PROMPT (35 usec, limit 1000)
                   [expect EOF]
End of test basic/stop_CLI
[PASS] basic::stop_CLI: (0.00s)
1682266216.146703: Driver: timeout (0, 1000)
[RUN ] basic::stop_no_arg
Running test basic/stop_no_arg on target bin/ticker
                   [expect PROMPT]
1682266216.182707: Driver <~~ [PROMPT  ] 'ticker> '
Event type matched expected type PROMPT (1393 usec, limit 100000)
>>> stop
                   [expect ERROR]
1682266216.183259: Driver <~~ [ERROR   ] '???
'
Event type matched expected type ERROR (501 usec, limit 1000)
                   [expect PROMPT]
1682266216.183282: Driver <~~ [PROMPT  ] 'ticker> '
Event type matched expected type PROMPT (7 usec, limit 1000)
                   [expect EOF]
End of test basic/stop_no_arg
[PASS] basic::stop_no_arg: (0.00s)
1682266216.184737: Driver: timeout (0, 1000)
[RUN ] basic::stop_nonexistent
Running test basic/stop_nonexistent on target bin/ticker
                   [expect PROMPT]
1682266216.221444: Driver <~~ [PROMPT  ] 'ticker> '
Event type matched expected type PROMPT (1639 usec, limit 100000)
>>> stop 1
                   [expect ERROR]
1682266216.221906: Driver <~~ [ERROR   ] '???
'
Event type matched expected type ERROR (416 usec, limit 1000)
                   [expect PROMPT]
1682266216.221931: Driver <~~ [PROMPT  ] 'ticker> '
Event type matched expected type PROMPT (10 usec, limit 1000)
                   [expect EOF]
End of test basic/stop_nonexistent
[PASS] basic::stop_nonexistent: (0.00s)
1682266216.223471: Driver: timeout (0, 1000)
[RUN ] basic::trace_no_arg
Running test basic/trace_no_arg on target bin/ticker
                   [expect PROMPT]
1682266216.259931: Driver <~~ [PROMPT  ] 'ticker> '
Event type matched expected type PROMPT (1494 usec, limit 100000)
>>> trace
                   [expect ERROR]
1682266216.260573: Driver <~~ [ERROR   ] '???
'
Event type matched expected type ERROR (562 usec, limit 1000)
                   [expect PROMPT]
1682266216.260783: Driver <~~ [PROMPT  ] 'ticker> '
Event type matched expected type PROMPT (148 usec, limit 1000)
                   [expect EOF]
End of test basic/trace_no_arg
1682266216.262238: Driver: timeout (0, 1000)
[PASS] basic::trace_no_arg: (0.01s)
[RUN ] basic::trace_nonexistent
Running test basic/trace_nonexistent on target bin/ticker
                   [expect PROMPT]
1682266216.297198: Driver <~~ [PROMPT  ] 'ticker> '
Event type matched expected type PROMPT (1167 usec, limit 100000)
>>> trace 1
                   [expect ERROR]
1682266216.297651: Driver <~~ [ERROR   ] '???
'
Event type matched expected type ERROR (404 usec, limit 1000)
                   [expect PROMPT]
1682266216.297679: Driver <~~ [PROMPT  ] 'ticker> '
Event type matched expected type PROMPT (11 usec, limit 1000)
                   [expect EOF]
End of test basic/trace_nonexistent
[PASS] basic::trace_nonexistent: (0.00s)
1682266216.298995: Driver: timeout (0, 1000)
[RUN ] basic::untrace_no_arg
Running test basic/untrace_no_arg on target bin/ticker
                   [expect PROMPT]
1682266216.331870: Driver <~~ [PROMPT  ] 'ticker> '
Event type matched expected type PROMPT (1697 usec, limit 100000)
>>> untrace
                   [expect ERROR]
1682266216.332427: Driver <~~ [ERROR   ] '???
'
Event type matched expected type ERROR (507 usec, limit 1000)
                   [expect PROMPT]
1682266216.332465: Driver <~~ [PROMPT  ] 'ticker> '
Event type matched expected type PROMPT (12 usec, limit 1000)
                   [expect EOF]
End of test basic/untrace_no_arg
[PASS] basic::untrace_no_arg: (0.00s)
1682266216.334689: Driver: timeout (0, 1000)
[====] Running 2 tests from network:
[RUN ] network::bitstamp_live_orders
Running test network/bitstamp_live_orders on target bin/ticker
                   [expect PROMPT]
1682266216.368670: Driver <~~ [PROMPT  ] 'ticker> '
Event type matched expected type PROMPT (1357 usec, limit 100000)
>>> start bitstamp.net live_orders_btcusd
                   [expect PROMPT]
1682266216.369593: Driver <~~ [PROMPT  ] 'ticker> '
Event type matched expected type PROMPT (874 usec, limit 100000)
Delay (1, 0)
>>> trace 1
                   [expect PROMPT]
1682266217.370373: Driver <~~ [PROMPT  ] 'ticker> '
Event type matched expected type PROMPT (631 usec, limit 1000)
                   [expect TRACE]
1682266217.374980: Driver <~~ [TRACE   ] '[1682266217.374857][bitstamp.net][ 3][   50]: Server message: '{"data":{"id":1611494314762240,"id_str":"1611494314762240","order_type":0,"datetime":"1682266217","microtimestamp":"1682266217320000","amount":0.1,"amount_str":"0.10000000","price":27449,"price_str":"27449"},"channel":"live_orders_btcusd","event":"order_deleted"}'
'
TRACE EVENT:	[1682266217.374857][bitstamp.net][ 3][   50]: Server message: '{"data":{"id":1611494314762240,"id_str":"1611494314762240","order_type":0,"datetime":"1682266217","microtimestamp":"1682266217320000","amount":0.1,"amount_str":"0.10000000","price":27449,"price_str":"27449"},"channel":"live_orders_btcusd","event":"order_deleted"}'

Event type matched expected type TRACE 
                   [expect TRACE]
1682266217.375100: Driver <~~ [OTHER   ] '
'
Ignoring OTHER_EVENT with blank line
1682266217.396983: Driver <~~ [TRACE   ] '[1682266217.396829][bitstamp.net][ 3][   51]: Server message: '{"data":{"id":1611494370029569,"id_str":"1611494370029569","order_type":0,"datetime":"1682266217","microtimestamp":"1682266217341000","amount":0.1,"amount_str":"0.10000000","price":27451,"price_str":"27451"},"channel":"live_orders_btcusd","event":"order_created"}'
'
TRACE EVENT:	[1682266217.396829][bitstamp.net][ 3][   51]: Server message: '{"data":{"id":1611494370029569,"id_str":"1611494370029569","order_type":0,"datetime":"1682266217","microtimestamp":"1682266217341000","amount":0.1,"amount_str":"0.10000000","price":27451,"price_str":"27451"},"channel":"live_orders_btcusd","event":"order_created"}'

Event type matched expected type TRACE 
                   [expect TRACE]
1682266217.397125: Driver <~~ [OTHER   ] '
'
Ignoring OTHER_EVENT with blank line
1682266217.403656: Driver <~~ [TRACE   ] '[1682266217.403515][bitstamp.net][ 3][   52]: Server message: '{"data":{"id":1611494348296192,"id_str":"1611494348296192","order_type":1,"datetime":"1682266217","microtimestamp":"1682266217350000","amount":0.1,"amount_str":"0.10000000","price":27467,"price_str":"27467"},"channel":"live_orders_btcusd","event":"order_deleted"}'
'
TRACE EVENT:	[1682266217.403515][bitstamp.net][ 3][   52]: Server message: '{"data":{"id":1611494348296192,"id_str":"1611494348296192","order_type":1,"datetime":"1682266217","microtimestamp":"1682266217350000","amount":0.1,"amount_str":"0.10000000","price":27467,"price_str":"27467"},"channel":"live_orders_btcusd","event":"order_deleted"}'

Event type matched expected type TRACE 
                   [expect TRACE]
1682266217.403777: Driver <~~ [OTHER   ] '
'
Ignoring OTHER_EVENT with blank line
1682266217.411108: Driver <~~ [TRACE   ] '[1682266217.410930][bitstamp.net][ 3][   53]: Server message: '{"data":{"id":1611494370091008,"id_str":"1611494370091008","order_type":0,"datetime":"1682266217","microtimestamp":"1682266217355000","amount":0.003,"amount_str":"0.00300000","price":27438,"price_str":"27438"},"channel":"live_orders_btcusd","event":"order_created"}'
'
TRACE EVENT:	[1682266217.410930][bitstamp.net][ 3][   53]: Server message: '{"data":{"id":1611494370091008,"id_str":"1611494370091008","order_type":0,"datetime":"1682266217","microtimestamp":"1682266217355000","amount":0.003,"amount_str":"0.00300000","price":27438,"price_str":"27438"},"channel":"live_orders_btcusd","event":"order_created"}'

Event type matched expected type TRACE 
                   [expect TRACE]
1682266217.411308: Driver <~~ [OTHER   ] '
'
Ignoring OTHER_EVENT with blank line
1682266217.439084: Driver <~~ [TRACE   ] '[1682266217.438962][bitstamp.net][ 3][   54]: Server message: '{"data":{"id":1611493884555264,"id_str":"1611493884555264","order_type":0,"datetime":"1682266217","microtimestamp":"1682266217370000","amount":0.00166619,"amount_str":"0.00166619","price":27394,"price_str":"27394"},"channel":"live_orders_btcusd","event":"order_deleted"}'
'
TRACE EVENT:	[1682266217.438962][bitstamp.net][ 3][   54]: Server message: '{"data":{"id":1611493884555264,"id_str":"1611493884555264","order_type":0,"datetime":"1682266217","microtimestamp":"1682266217370000","amount":0.00166619,"amount_str":"0.00166619","price":27394,"price_str":"27394"},"channel":"live_orders_btcusd","event":"order_deleted"}'

Event type matched expected type TRACE 
>>> untrace 1
                   [expect PROMPT]
1682266217.439243: Driver <~~ [OTHER   ] '
'
Ignoring OTHER_EVENT with blank line
1682266217.439820: Driver <~~ [PROMPT  ] 'ticker> '
Event type matched expected type PROMPT (566 usec, limit 1000)
                   [expect EOF]
1682266217.441726: Driver: timeout (0, 1000)
Timeout reading response from child
End of test network/bitstamp_live_orders
[PASS] network::bitstamp_live_orders: (1.08s)
[RUN ] network::bitstamp_multi_live_orders
Running test network/bitstamp_multi_live_orders on target bin/ticker
                   [expect PROMPT]
1682266217.477461: Driver <~~ [PROMPT  ] 'ticker> '
Event type matched expected type PROMPT (1357 usec, limit 100000)
>>> start bitstamp.net live_orders_btcusd
                   [expect PROMPT]
1682266217.478460: Driver <~~ [PROMPT  ] 'ticker> '
Event type matched expected type PROMPT (943 usec, limit 100000)
>>> start bitstamp.net live_orders_btcgbp
                   [expect PROMPT]
1682266217.479336: Driver <~~ [PROMPT  ] 'ticker> '
Event type matched expected type PROMPT (840 usec, limit 100000)
>>> start bitstamp.net live_orders_btceur
                   [expect PROMPT]
1682266217.480178: Driver <~~ [PROMPT  ] 'ticker> '
Event type matched expected type PROMPT (805 usec, limit 100000)
Delay (1, 0)
>>> trace 1
                   [expect PROMPT]
1682266218.481082: Driver <~~ [PROMPT  ] 'ticker> '
Event type matched expected type PROMPT (650 usec, limit 1000)
>>> trace 2
                   [expect PROMPT]
1682266218.481583: Driver <~~ [PROMPT  ] 'ticker> '
Event type matched expected type PROMPT (450 usec, limit 1000)
>>> trace 3
                   [expect PROMPT]
1682266218.482709: Driver: timeout (0, 1000)
Timeout reading response from child
Unexpected EOF event
Aborting test network/bitstamp_multi_live_orders
[----] tests/__helper.c:13: Assertion Failed
[----]   
[----]   The test driver returned an error (-1)
[----]   
[FAIL] network::bitstamp_multi_live_orders: (1.01s)
[====] Running 3 tests from store:
[RUN ] store::receive_btcusd_tracing_long
Running test store/receive_btcusd_tracing_long on target bin/ticker
                   [expect PROMPT]
1682266218.519349: Driver <~~ [PROMPT  ] 'ticker> '
Event type matched expected type PROMPT (1673 usec, limit 100000)
>>> start tester IGNORED_CHANNEL
                   [expect PROMPT]
1682266218.520531: Driver <~~ [PROMPT  ] 'ticker> '
Event type matched expected type PROMPT (1135 usec, limit 100000)
Delay (0, 100000)
>>> trace 1
                   [expect PROMPT]
1682266218.621117: Driver <~~ [OTHER   ] 'Error connecting to websocket
'
Event type (OTHER) did not match expected type PROMPT
Aborting test store/receive_btcusd_tracing_long
[----] tests/__helper.c:13: Assertion Failed
[----]   
[----]   The test driver returned an error (-1)
[----]   
[FAIL] store::receive_btcusd_tracing_long: (0.11s)
[RUN ] store::receive_btcusd_tracing_long_show
Running test store/receive_btcusd_tracing_long_show on target bin/ticker
                   [expect PROMPT]
1682266218.658269: Driver <~~ [PROMPT  ] 'ticker> '
Event type matched expected type PROMPT (1251 usec, limit 100000)
>>> start tester IGNORED_CHANNEL
                   [expect PROMPT]
1682266218.659179: Driver <~~ [PROMPT  ] 'ticker> '
Event type matched expected type PROMPT (862 usec, limit 100000)
Delay (0, 100000)
>>> trace 1
                   [expect PROMPT]
1682266218.759443: Driver <~~ [OTHER   ] 'Error connecting to websocket
'
Event type (OTHER) did not match expected type PROMPT
Aborting test store/receive_btcusd_tracing_long_show
[----] tests/__helper.c:13: Assertion Failed
[----]   
[----]   The test driver returned an error (-1)
[----]   
[FAIL] store::receive_btcusd_tracing_long_show: (0.10s)
[RUN ] store::receive_btcusd_tracing_short
Running test store/receive_btcusd_tracing_short on target bin/ticker
                   [expect PROMPT]
1682266218.795959: Driver <~~ [PROMPT  ] 'ticker> '
Event type matched expected type PROMPT (1022 usec, limit 100000)
>>> start tester IGNORED_CHANNEL
                   [expect PROMPT]
1682266218.896067: Driver: timeout (0, 100000)
Timeout reading response from child
Unexpected EOF event
Aborting test store/receive_btcusd_tracing_short
[----] tests/__helper.c:13: Assertion Failed
[----]   
[----]   The test driver returned an error (-1)
[----]   
[FAIL] store::receive_btcusd_tracing_short: (0.10s)
[====] Running 6 tests from watcher:
[RUN ] watcher::receive_some_tracing
Running test watcher/receive_some_tracing on target bin/ticker
                   [expect PROMPT]
1682266218.929795: Driver <~~ [PROMPT  ] 'ticker> '
Event type matched expected type PROMPT (1460 usec, limit 100000)
>>> start tester IGNORED_CHANNEL
                   [expect PROMPT]
1682266218.930754: Driver <~~ [PROMPT  ] 'ticker> '
Event type matched expected type PROMPT (919 usec, limit 100000)
Delay (0, 100000)
>>> trace 1
                   [expect PROMPT]
1682266219.030958: Driver <~~ [OTHER   ] 'Error connecting to websocket
'
Event type (OTHER) did not match expected type PROMPT
Aborting test watcher/receive_some_tracing
[----] tests/__helper.c:13: Assertion Failed
[----]   
[----]   The test driver returned an error (-1)
[----]   
[FAIL] watcher::receive_some_tracing: (0.10s)
[RUN ] watcher::start_wait_stop_watcher_long_delay
Running test watcher/start_wait_stop_watcher_long_delay on target bin/ticker
                   [expect PROMPT]
1682266219.062233: Driver <~~ [PROMPT  ] 'ticker> '
Event type matched expected type PROMPT (1170 usec, limit 100000)
>>> start tester IGNORED_CHANNEL
                   [expect PROMPT]
1682266219.063021: Driver <~~ [PROMPT  ] 'ticker> '
Event type matched expected type PROMPT (748 usec, limit 100000)
Delay (1, 0)
>>> stop 1
                   [expect PROMPT]
1682266220.063267: Driver <~~ [OTHER   ] 'Error connecting to websocket
'
Event type (OTHER) did not match expected type PROMPT
Aborting test watcher/start_wait_stop_watcher_long_delay
[----] tests/__helper.c:13: Assertion Failed
[----]   
[----]   The test driver returned an error (-1)
[----]   
[FAIL] watcher::start_wait_stop_watcher_long_delay: (1.00s)
[RUN ] watcher::start_wait_stop_watcher_no_file
Running test watcher/start_wait_stop_watcher_no_file on target bin/ticker
                   [expect PROMPT]
1682266220.101504: Driver <~~ [PROMPT  ] 'ticker> '
Event type matched expected type PROMPT (1633 usec, limit 100000)
>>> start tester IGNORED_CHANNEL
                   [expect PROMPT]
1682266220.102361: Driver <~~ [PROMPT  ] 'ticker> '
Event type matched expected type PROMPT (810 usec, limit 100000)
Delay (1, 0)
>>> stop 1
                   [expect ERROR]
1682266221.102848: Driver <~~ [OTHER   ] 'Error connecting to websocket
'
Event type (OTHER) does not match expected (ERROR) -- skipping
1682266221.103581: Driver <~~ [PROMPT  ] 'ticker> '
Event type (PROMPT) does not match expected (ERROR) -- skipping
1682266221.104644: Driver: timeout (0, 1000)
Timeout reading response from child
Unexpected EOF event
Aborting test watcher/start_wait_stop_watcher_no_file
[----] tests/__helper.c:13: Assertion Failed
[----]   
[----]   The test driver returned an error (-1)
[----]   
[FAIL] watcher::start_wait_stop_watcher_no_file: (1.01s)
[RUN ] watcher::start_wait_watchers_long_delay
Running test watcher/start_wait_watchers_long_delay on target bin/ticker
                   [expect PROMPT]
1682266221.141353: Driver <~~ [PROMPT  ] 'ticker> '
Event type matched expected type PROMPT (1325 usec, limit 100000)
>>> start tester IGNORED_CHANNEL
                   [expect PROMPT]
1682266221.142403: Driver <~~ [PROMPT  ] 'ticker> '
Event type matched expected type PROMPT (976 usec, limit 100000)
Delay (1, 0)
>>> watchers
                   [expect WATCHER]
1682266222.142881: Driver <~~ [OTHER   ] 'Error connecting to websocket
'
Event type (OTHER) did not match expected type WATCHER
Aborting test watcher/start_wait_watchers_long_delay
[----] tests/__helper.c:13: Assertion Failed
[----]   
[----]   The test driver returned an error (-1)
[----]   
[FAIL] watcher::start_wait_watchers_long_delay: (1.00s)
[RUN ] watcher::start_watcher
Running test watcher/start_watcher on target bin/ticker
                   [expect PROMPT]
1682266222.179729: Driver <~~ [PROMPT  ] 'ticker> '
Event type matched expected type PROMPT (1169 usec, limit 100000)
>>> start tester IGNORED_CHANNEL
                   [expect PROMPT]
1682266222.180649: Driver <~~ [PROMPT  ] 'ticker> '
Event type matched expected type PROMPT (868 usec, limit 100000)
                   [expect EOF]
End of test watcher/start_watcher
1682266222.182498: Driver: timeout (0, 1000)
[PASS] watcher::start_watcher: (0.01s)
[RUN ] watcher::start_watcher_trace_subscribe
Running test watcher/start_watcher_trace_subscribe on target bin/ticker
                   [expect PROMPT]
1682266222.218067: Driver <~~ [PROMPT  ] 'ticker> '
Event type matched expected type PROMPT (1078 usec, limit 100000)
>>> start tester IGNORED_CHANNEL
                   [expect PROMPT]
1682266222.219008: Driver <~~ [PROMPT  ] 'ticker> '
Event type matched expected type PROMPT (897 usec, limit 100000)
>>> trace 1
                   [expect PROMPT]
1682266222.219436: Driver <~~ [PROMPT  ] 'ticker> '
Event type matched expected type PROMPT (395 usec, limit 1000)
                   [expect TRACE]
1682266222.220492: Driver: timeout (0, 1000)
Timeout reading response from child
Unexpected EOF event
Aborting test watcher/start_watcher_trace_subscribe
[----] tests/__helper.c:13: Assertion Failed
[----]   
[----]   The test driver returned an error (-1)
[----]   
[FAIL] watcher::start_watcher_trace_subscribe: (0.01s)
[----] Writing xml report in `crit.xml`.
[====] Synthesis: Tested: 28 | Passing: 18 | Failing: 10 | Crashing: 0 
